scriba_app/build/app/intermediates/manifest_merge_blame_file/release/manifest-merger-blame-release-report.txt
1<?xml version="1.0" encoding="utf-8"?>
2<manifest xmlns:android="http://schemas.android.com/apk/res/android"
3    package="com.scriba.app"
4    android:versionCode="1"
5    android:versionName="1.0.0" >
6
7    <uses-sdk
8        android:minSdkVersion="19"
8-->src\main\AndroidManifest.xml
9        android:targetSdkVersion="32" />
9-->src\main\AndroidManifest.xml
10
11    <uses-permission android:name="android.permission.WRITE_EXTERNAL_STORAGE" />
11-->src\main\AndroidManifest.xml:3:5-81
11-->src\main\AndroidManifest.xml:3:22-78
12    <uses-permission android:name="android.permission.READ_EXTERNAL_STORAGE" />
12-->src\main\AndroidManifest.xml:4:5-80
12-->src\main\AndroidManifest.xml:4:22-77
13    <uses-permission android:name="android.permission.INTERNET" />
13-->[com.google.android.gms:play-services-measurement-api:21.0.0] AndroidManifest.xml:22:5-67
13-->[com.google.android.gms:play-services-measurement-api:21.0.0] AndroidManifest.xml:22:22-64
14    <uses-permission android:name="android.permission.ACCESS_NETWORK_STATE" />
14-->[com.google.android.gms:play-services-measurement-api:21.0.0] AndroidManifest.xml:23:5-79
14-->[com.google.android.gms:play-services-measurement-api:21.0.0] AndroidManifest.xml:23:22-76
15    <uses-permission android:name="android.permission.WAKE_LOCK" />
15-->[com.google.android.gms:play-services-measurement-api:21.0.0] AndroidManifest.xml:24:5-68
15-->[com.google.android.gms:play-services-measurement-api:21.0.0] AndroidManifest.xml:24:22-65
16    <uses-permission android:name="com.google.android.gms.permission.AD_ID" />
16-->[com.google.android.gms:play-services-measurement-api:21.0.0] AndroidManifest.xml:25:5-79
16-->[com.google.android.gms:play-services-measurement-api:21.0.0] AndroidManifest.xml:25:22-76
17    <uses-permission android:name="com.google.android.finsky.permission.BIND_GET_INSTALL_REFERRER_SERVICE" />
17-->[com.google.android.gms:play-services-measurement:21.0.0] AndroidManifest.xml:26:5-110
17-->[com.google.android.gms:play-services-measurement:21.0.0] AndroidManifest.xml:26:22-107
18
19    <application
20        android:name="android.app.Application"
20-->src\main\AndroidManifest.xml:7:9-42
21        android:appComponentFactory="androidx.core.app.CoreComponentFactory"
21-->[androidx.core:core:1.7.0] AndroidManifest.xml:24:18-86
22        android:icon="@mipmap/ic_launcher"
22-->src\main\AndroidManifest.xml:8:9-43
23        android:label="Scriba" >
23-->src\main\AndroidManifest.xml:6:9-31
24        <activity
24-->src\main\AndroidManifest.xml:9:9-29:20
25            android:name="com.example.scriba_app.MainActivity"
25-->src\main\AndroidManifest.xml:10:13-41
26            android:configChanges="orientation|keyboardHidden|keyboard|screenSize|smallestScreenSize|locale|layoutDirection|fontScale|screenLayout|density|uiMode"
26-->src\main\AndroidManifest.xml:14:13-163
27            android:exported="true"
27-->src\main\AndroidManifest.xml:11:13-36
28            android:hardwareAccelerated="true"
28-->src\main\AndroidManifest.xml:15:13-47
29            android:launchMode="singleTop"
29-->src\main\AndroidManifest.xml:12:13-43
30            android:theme="@style/LaunchTheme"
30-->src\main\AndroidManifest.xml:13:13-47
31            android:windowSoftInputMode="adjustResize" >
31-->src\main\AndroidManifest.xml:16:13-55
32
33            <!--
34                 Specifies an Android theme to apply to this Activity as soon as
35                 the Android process has started. This theme is visible to the user
36                 while the Flutter UI initializes. After that, this theme continues
37                 to determine the Window background behind the Flutter UI.
38            -->
39            <meta-data
39-->src\main\AndroidManifest.xml:21:13-24:17
40                android:name="io.flutter.embedding.android.NormalTheme"
40-->src\main\AndroidManifest.xml:22:15-70
41                android:resource="@style/NormalTheme" />
41-->src\main\AndroidManifest.xml:23:15-52
42
43            <intent-filter>
43-->src\main\AndroidManifest.xml:25:13-28:29
44                <action android:name="android.intent.action.MAIN" />
44-->src\main\AndroidManifest.xml:26:17-68
44-->src\main\AndroidManifest.xml:26:25-66
45
46                <category android:name="android.intent.category.LAUNCHER" />
46-->src\main\AndroidManifest.xml:27:17-76
46-->src\main\AndroidManifest.xml:27:27-74
47            </intent-filter>
48        </activity>
49        <!--
50             Don't delete the meta-data below.
51             This is used by the Flutter tool to generate GeneratedPluginRegistrant.java
52        -->
53        <meta-data
53-->src\main\AndroidManifest.xml:32:9-34:33
54            android:name="flutterEmbedding"
54-->src\main\AndroidManifest.xml:33:13-44
55            android:value="2" />
55-->src\main\AndroidManifest.xml:34:13-30
56
57        <service
57-->[:firebase_core] AndroidManifest.xml:8:9-12:19
58            android:name="com.google.firebase.components.ComponentDiscoveryService"
58-->[:firebase_core] AndroidManifest.xml:8:18-89
59            android:directBootAware="true"
59-->[com.google.firebase:firebase-common:20.1.1] AndroidManifest.xml:35:13-43
60            android:exported="false" >
60-->[com.google.android.gms:play-services-measurement-api:21.0.0] AndroidManifest.xml:30:13-37
61            <meta-data
61-->[:firebase_core] AndroidManifest.xml:9:13-11:85
62                android:name="com.google.firebase.components:io.flutter.plugins.firebase.core.FlutterFirebaseCoreRegistrar"
62-->[:firebase_core] AndroidManifest.xml:10:17-124
63                android:value="com.google.firebase.components.ComponentRegistrar" />
63-->[:firebase_core] AndroidManifest.xml:11:17-82
64            <meta-data
64-->[com.google.android.gms:play-services-measurement-api:21.0.0] AndroidManifest.xml:31:13-33:85
65                android:name="com.google.firebase.components:com.google.firebase.analytics.connector.internal.AnalyticsConnectorRegistrar"
65-->[com.google.android.gms:play-services-measurement-api:21.0.0] AndroidManifest.xml:32:17-139
66                android:value="com.google.firebase.components.ComponentRegistrar" />
66-->[com.google.android.gms:play-services-measurement-api:21.0.0] AndroidManifest.xml:33:17-82
67            <meta-data
67-->[com.google.firebase:firebase-installations:17.0.1] AndroidManifest.xml:18:13-20:85
68                android:name="com.google.firebase.components:com.google.firebase.installations.FirebaseInstallationsRegistrar"
68-->[com.google.firebase:firebase-installations:17.0.1] AndroidManifest.xml:19:17-127
69                android:value="com.google.firebase.components.ComponentRegistrar" />
69-->[com.google.firebase:firebase-installations:17.0.1] AndroidManifest.xml:20:17-82
70        </service>
71
72        <provider
72-->[:image_picker] AndroidManifest.xml:8:9-16:20
73            android:name="io.flutter.plugins.imagepicker.ImagePickerFileProvider"
73-->[:image_picker] AndroidManifest.xml:9:13-82
74            android:authorities="com.scriba.app.flutter.image_provider"
74-->[:image_picker] AndroidManifest.xml:10:13-74
75            android:exported="false"
75-->[:image_picker] AndroidManifest.xml:11:13-37
76            android:grantUriPermissions="true" >
76-->[:image_picker] AndroidManifest.xml:12:13-47
77            <meta-data
77-->[:image_picker] AndroidManifest.xml:13:13-15:75
78                android:name="android.support.FILE_PROVIDER_PATHS"
78-->[:image_picker] AndroidManifest.xml:14:17-67
79                android:resource="@xml/flutter_image_picker_file_paths" />
79-->[:image_picker] AndroidManifest.xml:15:17-72
80        </provider>
81        <provider
81-->[:share_plus] AndroidManifest.xml:8:9-16:20
82            android:name="dev.fluttercommunity.plus.share.ShareFileProvider"
82-->[:share_plus] AndroidManifest.xml:9:13-77
83            android:authorities="com.scriba.app.flutter.share_provider"
83-->[:share_plus] AndroidManifest.xml:10:13-74
84            android:exported="false"
84-->[:share_plus] AndroidManifest.xml:11:13-37
85            android:grantUriPermissions="true" >
85-->[:share_plus] AndroidManifest.xml:12:13-47
86            <meta-data
86-->[:image_picker] AndroidManifest.xml:13:13-15:75
87                android:name="android.support.FILE_PROVIDER_PATHS"
87-->[:image_picker] AndroidManifest.xml:14:17-67
88                android:resource="@xml/flutter_share_file_paths" />
88-->[:image_picker] AndroidManifest.xml:15:17-72
89        </provider>
90
91        <activity
91-->[:url_launcher_android] AndroidManifest.xml:8:9-11:74
92            android:name="io.flutter.plugins.urllauncher.WebViewActivity"
92-->[:url_launcher_android] AndroidManifest.xml:9:13-74
93            android:exported="false"
93-->[:url_launcher_android] AndroidManifest.xml:10:13-37
94            android:theme="@android:style/Theme.NoTitleBar.Fullscreen" />
94-->[:url_launcher_android] AndroidManifest.xml:11:13-71
95
96        <uses-library
96-->[androidx.window:window:1.0.0-beta04] AndroidManifest.xml:25:9-27:40
97            android:name="androidx.window.extensions"
97-->[androidx.window:window:1.0.0-beta04] AndroidManifest.xml:26:13-54
98            android:required="false" />
98-->[androidx.window:window:1.0.0-beta04] AndroidManifest.xml:27:13-37
99        <uses-library
99-->[androidx.window:window:1.0.0-beta04] AndroidManifest.xml:28:9-30:40
100            android:name="androidx.window.sidecar"
100-->[androidx.window:window:1.0.0-beta04] AndroidManifest.xml:29:13-51
101            android:required="false" />
101-->[androidx.window:window:1.0.0-beta04] AndroidManifest.xml:30:13-37
102
103        <provider
103-->[com.google.firebase:firebase-common:20.1.1] AndroidManifest.xml:26:9-31:39
104            android:name="com.google.firebase.provider.FirebaseInitProvider"
104-->[com.google.firebase:firebase-common:20.1.1] AndroidManifest.xml:27:13-77
105            android:authorities="com.scriba.app.firebaseinitprovider"
105-->[com.google.firebase:firebase-common:20.1.1] AndroidManifest.xml:28:13-72
106            android:directBootAware="true"
106-->[com.google.firebase:firebase-common:20.1.1] AndroidManifest.xml:29:13-43
107            android:exported="false"
107-->[com.google.firebase:firebase-common:20.1.1] AndroidManifest.xml:30:13-37
108            android:initOrder="100" />
108-->[com.google.firebase:firebase-common:20.1.1] AndroidManifest.xml:31:13-36
109
110        <receiver
110-->[com.google.android.gms:play-services-measurement:21.0.0] AndroidManifest.xml:29:9-33:20
111            android:name="com.google.android.gms.measurement.AppMeasurementReceiver"
111-->[com.google.android.gms:play-services-measurement:21.0.0] AndroidManifest.xml:30:13-85
112            android:enabled="true"
112-->[com.google.android.gms:play-services-measurement:21.0.0] AndroidManifest.xml:31:13-35
113            android:exported="false" >
113-->[com.google.android.gms:play-services-measurement:21.0.0] AndroidManifest.xml:32:13-37
114        </receiver>
115
116        <service
116-->[com.google.android.gms:play-services-measurement:21.0.0] AndroidManifest.xml:35:9-38:40
117            android:name="com.google.android.gms.measurement.AppMeasurementService"
117-->[com.google.android.gms:play-services-measurement:21.0.0] AndroidManifest.xml:36:13-84
118            android:enabled="true"
118-->[com.google.android.gms:play-services-measurement:21.0.0] AndroidManifest.xml:37:13-35
119            android:exported="false" />
119-->[com.google.android.gms:play-services-measurement:21.0.0] AndroidManifest.xml:38:13-37
120        <service
120-->[com.google.android.gms:play-services-measurement:21.0.0] AndroidManifest.xml:39:9-43:72
121            android:name="com.google.android.gms.measurement.AppMeasurementJobService"
121-->[com.google.android.gms:play-services-measurement:21.0.0] AndroidManifest.xml:40:13-87
122            android:enabled="true"
122-->[com.google.android.gms:play-services-measurement:21.0.0] AndroidManifest.xml:41:13-35
123            android:exported="false"
123-->[com.google.android.gms:play-services-measurement:21.0.0] AndroidManifest.xml:42:13-37
124            android:permission="android.permission.BIND_JOB_SERVICE" />
124-->[com.google.android.gms:play-services-measurement:21.0.0] AndroidManifest.xml:43:13-69
125
126        <meta-data
126-->[com.google.android.gms:play-services-basement:18.0.0] AndroidManifest.xml:21:9-23:69
127            android:name="com.google.android.gms.version"
127-->[com.google.android.gms:play-services-basement:18.0.0] AndroidManifest.xml:22:13-58
128            android:value="@integer/google_play_services_version" />
128-->[com.google.android.gms:play-services-basement:18.0.0] AndroidManifest.xml:23:13-66
129    </application>
130
131</manifest>